[rs-resume-template.webflow.io/index.html]
[backblue.gif]
[fade.gif]
[index.html]
[assets.website-files.com/5772807aa9eb66b44fbfd286/css/rs-resume-template.webflow.3ce42d9f8.css]
[ajax.googleapis.com/ajax/libs/webfont/1.6.26/webfont.js]
[assets.website-files.com/5772807aa9eb66b44fbfd286/5779194c280cf6ac33392a5e_fav-phone.png]
[assets.website-files.com/5772807aa9eb66b44fbfd286/57791952280cf6ac33392a90_ico-phone.png]
[assets.website-files.com/5772807aa9eb66b44fbfd286/57745231d68439334aea994d_logo.gif]
[assets.website-files.com/5772807aa9eb66b44fbfd286/5773f24cd4c2d3ca1d1a6365_profile.jpg]
[rs-resume-template.webflow.io/portfolio.html]
[rs-resume-template.webflow.io/blog.html]
[rs-resume-template.webflow.io/contact.html]
[assets.website-files.com/5772807aa9eb66b44fbfd286/5df25ae7245d00f470b89bd8_5c992f5c9b4c11795352014c_webflow-w-small@2x.png]
[assets.website-files.com/577411fe2de39fb074c865c5/57744ad152306a5a3bee8162_hive-logo.png]
[assets.website-files.com/577411fe2de39fb074c865c5/57744ac768c0c2b60e611983_mask-logo.png]
[assets.website-files.com/577411fe2de39fb074c865c5/57744a2cdee5efd30ed39e0c_logo-3.png]
[assets.website-files.com/577411fe2de39fb074c865c5/57744a20724f563d3bbdd824_logo-4.png]
[assets.website-files.com/577411fe2de39fb074c865c5/57744a09724f563d3bbdd81d_logo-5.png]
[assets.website-files.com/577411fe2de39fb074c865c5/577449fc68c0c2b60e611854_logo-2.png]
[d3e54v103j8qbb.cloudfront.net/js/jquery-3.4.1.min.220afd743d.js]
[rs-resume-template.webflow.io/index.html]
[assets.website-files.com/5772807aa9eb66b44fbfd286/js/webflow.9d2275880.js]
[assets.website-files.com/5772807aa9eb66b44fbfd286/5773f1c62daa894b44a70ec6_fa-facebook_100_0_7c7c7c_none.png]
[assets.website-files.com/5772807aa9eb66b44fbfd286/5773f1dfb7bd022c44fb6cc2_fa-twitter_100_0_7c7c7c_none.png]
[assets.website-files.com/5772807aa9eb66b44fbfd286/5773f1f2b7bd022c44fb6cc6_fa-behance_100_0_7c7c7c_none.png]
[assets.website-files.com/5772807aa9eb66b44fbfd286/5773f20bc8d072ad1d60f06d_fa-pinterest-p_100_0_7c7c7c_none.png]
[assets.website-files.com/5772807aa9eb66b44fbfd286/5773f6692de39fb074c8107c_fa-instagram_100_0_7c7c7c_none.png]
[assets.website-files.com/5772807aa9eb66b44fbfd286/5773f44c2daa894b44a71722_mfg-labs-iconset_2014-07-29_user_male_100_0_ffffff_none.png]
[assets.website-files.com/5772807aa9eb66b44fbfd286/5773f5c8c8d072ad1d60f8a4_font-awesome_4-6-3_camera_100_0_ffffff_none.png]
[assets.website-files.com/5772807aa9eb66b44fbfd286/5773f5b0c8d072ad1d60f89c_font-awesome_4-6-3_pencil_100_0_ffffff_none.png]
[assets.website-files.com/5772807aa9eb66b44fbfd286/5773f5982de39fb074c80c55_font-awesome_4-6-3_phone_100_0_ffffff_none.png]
[d3e54v103j8qbb.cloudfront.net/img/example-bg.png]
[assets.website-files.com/5772807aa9eb66b44fbfd286/5774441952b43cbe65574f25_font-awesome_4-6-3_search_100_0_272727_none.png]
[assets.website-files.com/5772807aa9eb66b44fbfd286/5774450c68c0c2b60e6111c8_font-awesome_4-6-3_mobile-phone_100_0_272727_none.png]
[assets.website-files.com/5772807aa9eb66b44fbfd286/577445aa52306a5a3bee778a_font-awesome_4-6-3_laptop_100_0_272727_none.png]
[assets.website-files.com/5772807aa9eb66b44fbfd286/5774459752306a5a3bee76f0_font-awesome_4-6-3_camera-retro_100_0_272727_none.png]
[assets.website-files.com/5772807aa9eb66b44fbfd286/5774460ffa8c07fb6597e1c8_font-awesome_4-6-3_rocket_100_0_272727_none.png]
[assets.website-files.com/5772807aa9eb66b44fbfd286/57744624fa8c07fb6597e21e_font-awesome_4-6-3_trophy_100_0_272727_none.png]
[assets.website-files.com/5772807aa9eb66b44fbfd286/5774475f724f563d3bbdd2be_font-awesome_4-6-3_cloud-download_100_0_ffffff_none.png]
[assets.website-files.com/5772807aa9eb66b44fbfd286/577bf28d1a78df73570ecede_font-awesome_4-6-3_mail-reply_100_0_ffffff_none.png]
[assets.website-files.com/5772807aa9eb66b44fbfd286/57745078d68439334aea9813_font-awesome_4-6-3_map-marker_100_0_b4b4b4_none.png]
[assets.website-files.com/5772807aa9eb66b44fbfd286/577450f1d68439334aea9857_font-awesome_4-6-3_phone_100_0_b4b4b4_none.png]
[assets.website-files.com/5772807aa9eb66b44fbfd286/5774510ce007c4ac785828b1_font-awesome_4-6-3_envelope_100_0_b4b4b4_none.png]
[assets.website-files.com/5772807aa9eb66b44fbfd286/css/rs-resume-template.webflow.3ce42d9f8.css]
[assets.website-files.com/5772807aa9eb66b44fbfd286/57744be7724f563d3bbddb0f_portfolio-5.jpg]
[assets.website-files.com/5772807aa9eb66b44fbfd286/57744e01d68439334aea93ab_portfolio-8.jpg]
[assets.website-files.com/5772807aa9eb66b44fbfd286/57744e3dd68439334aea93b5_portfolio-6.jpg]
[assets.website-files.com/5772807aa9eb66b44fbfd286/57744e7e20e50a91786e6d1c_portfolio-4.jpg]
[assets.website-files.com/5772807aa9eb66b44fbfd286/57744eb9e1b1c78e226df08e_portfolio-3.jpg]
[assets.website-files.com/5772807aa9eb66b44fbfd286/57744ecce007c4ac785824c4_portfolio-7.jpg]
[rs-resume-template.webflow.io/portfolio.html]
[rs-resume-template.webflow.io/blog.html]
[rs-resume-template.webflow.io/contact.html]
[rs-resume-template.webflow.io/template-info/licensing.html]
[rs-resume-template.webflow.io/_https_/assets.website-files.com/577411fe2de39fb074c865c5/577416dac8d072ad1d613fd9_school-2.html]
[rs-resume-template.webflow.io/_https_/assets.website-files.com/577411fe2de39fb074c865c5/57741653c8d072ad1d613d82_school-3.html]
[rs-resume-template.webflow.io/_https_/assets.website-files.com/577411fe2de39fb074c865c5/577413602de39fb074c86887_school-1.html]
[rs-resume-template.webflow.io/_https_/assets.website-files.com/577411fe2de39fb074c865c5/577419f62de39fb074c8850a_webflow-jobs.html]
[rs-resume-template.webflow.io/_https_/assets.website-files.com/577411fe2de39fb074c865c5/577419c2c8d072ad1d61445c_google-jobs.html]
[rs-resume-template.webflow.io/_https_/assets.website-files.com/577411fe2de39fb074c865c5/57741975d4c2d3ca1d1ac096_micro-jobs.html]
[rs-resume-template.webflow.io/_https_/assets.website-files.com/577411fe2de39fb074c865c5/57741849b411727174e1455d_facebook-jobs.html]
[rs-resume-template.webflow.io/post/longboard-truck-wheels-close-up.html]
[rs-resume-template.webflow.io/_https_/assets.website-files.com/577411fe2de39fb074c865c5/577535633654d2b7708a8d41_blog-preview-10.html]
[rs-resume-template.webflow.io/post/mans-hand-is-trying-to-reach-the-sun.html]
[rs-resume-template.webflow.io/_https_/assets.website-files.com/577411fe2de39fb074c865c5/5775353ddb2e3be04741af6f_blog-preview-2.html]
[rs-resume-template.webflow.io/post/fresh-and-yummy-smoothie-with-strawberries-bananas.html]
[rs-resume-template.webflow.io/_https_/assets.website-files.com/577411fe2de39fb074c865c5/57753516a8dfa30f21647f1a_blog-preview-9.html]
[rs-resume-template.webflow.io/post/working-on-macbook-and-iphone-in-a-bed.html]
[rs-resume-template.webflow.io/_https_/assets.website-files.com/577411fe2de39fb074c865c5/577533e1251486d4703bfe7d_blog-preview-8.html]
